d:\nw\battlecity\build\_intermediate\charlie\debug\charlie.pdb
d:\nw\battlecity\build\_intermediate\charlie\debug\charlie.idb
d:\nw\battlecity\build\_intermediate\charlie\debug\winmain.obj
d:\nw\battlecity\build\_intermediate\charlie\debug\charlie_protocol.obj
d:\nw\battlecity\build\_intermediate\charlie\debug\charlie_network.obj
d:\nw\battlecity\build\_intermediate\charlie\debug\charlie_system.obj
d:\nw\battlecity\build\_intermediate\charlie\debug\charlie_messages.obj
d:\nw\battlecity\build\_intermediate\charlie\debug\charlie_gameplay.obj
d:\nw\battlecity\build\_intermediate\charlie\debug\charlie_application.obj
d:\battlecity\build\_intermediate\charlie\debug\charlie.pdb
d:\battlecity\build\_intermediate\charlie\debug\charlie.idb
d:\battlecity\build\_intermediate\charlie\debug\winmain.obj
d:\battlecity\build\_intermediate\charlie\debug\charlie_protocol.obj
d:\battlecity\build\_intermediate\charlie\debug\charlie_network.obj
d:\battlecity\build\_intermediate\charlie\debug\charlie_system.obj
d:\battlecity\build\_intermediate\charlie\debug\charlie_messages.obj
d:\battlecity\build\_intermediate\charlie\debug\charlie_gameplay.obj
d:\battlecity\build\_intermediate\charlie\debug\charlie_application.obj
d:\nw\battlecity\build\charlie.debug.lib
d:\battlecity\build\charlie.debug.lib
d:\battlecity\charlie\..\build\charlie.debug.lib
d:\battlecity\build\_intermediate\charlie\debug\charlie.tlog\cl.command.1.tlog
d:\battlecity\build\_intermediate\charlie\debug\charlie.tlog\cl.read.1.tlog
d:\battlecity\build\_intermediate\charlie\debug\charlie.tlog\cl.write.1.tlog
d:\battlecity\build\_intermediate\charlie\debug\charlie.tlog\lib-link.read.1.tlog
d:\battlecity\build\_intermediate\charlie\debug\charlie.tlog\lib-link.write.1.tlog
d:\battlecity\build\_intermediate\charlie\debug\charlie.tlog\lib.command.1.tlog
