d:\nw\battlecity\build\_intermediate\client\debug\vc142.pdb
d:\nw\battlecity\build\_intermediate\client\debug\vc142.idb
d:\nw\battlecity\build\_intermediate\client\debug\main.obj
d:\nw\battlecity\build\_intermediate\client\debug\client_app.obj
d:\battlecity\build\_intermediate\client\debug\vc142.pdb
d:\battlecity\build\_intermediate\client\debug\vc142.idb
d:\battlecity\build\_intermediate\client\debug\main.obj
d:\battlecity\build\_intermediate\client\debug\client_app.obj
d:\nw\battlecity\build\client.debug.exe
d:\nw\battlecity\build\client.debug.ilk
d:\nw\battlecity\build\client.debug.pdb
d:\battlecity\build\client.debug.exe
d:\battlecity\build\client.debug.ilk
d:\battlecity\build\client.debug.pdb
d:\battlecity\client\..\build\client.debug.exe
d:\battlecity\build\_intermediate\client\debug\client.tlog\cl.command.1.tlog
d:\battlecity\build\_intermediate\client\debug\client.tlog\cl.read.1.tlog
d:\battlecity\build\_intermediate\client\debug\client.tlog\cl.write.1.tlog
d:\battlecity\build\_intermediate\client\debug\client.tlog\link.command.1.tlog
d:\battlecity\build\_intermediate\client\debug\client.tlog\link.read.1.tlog
d:\battlecity\build\_intermediate\client\debug\client.tlog\link.write.1.tlog
