d:\nw\battlecity\build\_intermediate\server\debug\vc142.pdb
d:\nw\battlecity\build\_intermediate\server\debug\vc142.idb
d:\nw\battlecity\build\_intermediate\server\debug\server_app.obj
d:\nw\battlecity\build\_intermediate\server\debug\main.obj
d:\battlecity\build\_intermediate\server\debug\vc142.pdb
d:\battlecity\build\_intermediate\server\debug\vc142.idb
d:\battlecity\build\_intermediate\server\debug\server_app.obj
d:\battlecity\build\_intermediate\server\debug\main.obj
d:\nw\battlecity\build\server.debug.exe
d:\nw\battlecity\build\server.debug.ilk
d:\nw\battlecity\build\server.debug.pdb
d:\battlecity\build\server.debug.exe
d:\battlecity\build\server.debug.ilk
d:\battlecity\build\server.debug.pdb
d:\battlecity\server\..\build\server.debug.exe
d:\battlecity\build\_intermediate\server\debug\server.tlog\cl.command.1.tlog
d:\battlecity\build\_intermediate\server\debug\server.tlog\cl.read.1.tlog
d:\battlecity\build\_intermediate\server\debug\server.tlog\cl.write.1.tlog
d:\battlecity\build\_intermediate\server\debug\server.tlog\link.command.1.tlog
d:\battlecity\build\_intermediate\server\debug\server.tlog\link.read.1.tlog
d:\battlecity\build\_intermediate\server\debug\server.tlog\link.write.1.tlog
